2024-04-22 12:43:55,885 - ERROR - Unhandled exception in listener callback
Traceback (most recent call last):
  File "C:\Users\Student\AppData\Local\Programs\Python\Python311\Lib\site-packages\pynput\_util\__init__.py", line 228, in inner
    return f(self, *args, **kwargs)
           ^^^^^^^^^^^^^^^^^^^^^^^^
  File "C:\Users\Student\AppData\Local\Programs\Python\Python311\Lib\site-packages\pynput\keyboard\_win32.py", line 287, in _process
    self.on_press(key)
  File "C:\Users\Student\AppData\Local\Programs\Python\Python311\Lib\site-packages\pynput\_util\__init__.py", line 144, in inner
    if f(*args) is False:
       ^^^^^^^^
  File "C:\Users\Student\Command-Control\Server.py", line 209, in on_press
    else:
        ^^
TypeError: can only concatenate str (not "NoneType") to str
2024-04-22 13:11:29,827 - INFO - concurrency model: multi-thread
2024-04-22 13:11:29,827 - INFO - masquerade (NAT) address: None
2024-04-22 13:11:29,827 - INFO - passive ports: None
2024-04-22 13:11:51,766 - INFO - 192.168.30.52:55320-[] FTP session opened (connect)
2024-04-22 13:11:51,767 - INFO - 192.168.30.52:55320-[Necati] USER 'Necati' logged in.
2024-04-22 13:11:51,769 - INFO - 192.168.30.52:55320-[Necati] RETR C:\Users\Student\Command-Control\Data\ftp\salam.txt completed=1 bytes=2 seconds=0.0
2024-04-22 13:11:51,770 - INFO - 192.168.30.52:55320-[Necati] FTP session closed (disconnect).
2024-04-22 13:46:55,792 - INFO - concurrency model: multi-thread
2024-04-22 13:46:55,792 - INFO - masquerade (NAT) address: None
2024-04-22 13:46:55,792 - INFO - passive ports: None
2024-04-22 13:49:34,649 - INFO - 192.168.30.52:55658-[] FTP session opened (connect)
2024-04-22 13:49:34,649 - INFO - 192.168.30.52:55658-[Necati] USER 'Necati' logged in.
2024-04-22 13:49:34,663 - INFO - 192.168.30.52:55658-[Necati] RETR C:\Users\Student\Command-Control\Data\ftp\salam.txt completed=1 bytes=2 seconds=0.0
2024-04-22 13:49:34,664 - INFO - 192.168.30.52:55658-[Necati] FTP session closed (disconnect).
2024-04-22 13:52:41,300 - INFO - concurrency model: multi-thread
2024-04-22 13:52:41,300 - INFO - masquerade (NAT) address: None
2024-04-22 13:52:41,300 - INFO - passive ports: None
2024-04-22 14:58:55,895 - INFO - concurrency model: multi-thread
2024-04-22 14:58:55,896 - INFO - masquerade (NAT) address: None
2024-04-22 14:58:55,896 - INFO - passive ports: None
2024-04-22 15:02:18,946 - INFO - concurrency model: multi-thread
2024-04-22 15:02:18,946 - INFO - masquerade (NAT) address: None
2024-04-22 15:02:18,946 - INFO - passive ports: None
2024-04-22 15:06:37,732 - INFO - concurrency model: multi-thread
2024-04-22 15:06:37,732 - INFO - masquerade (NAT) address: None
2024-04-22 15:06:37,732 - INFO - passive ports: None
2024-04-22 16:00:33,081 - ERROR - Unhandled exception in listener callback
Traceback (most recent call last):
  File "C:\Users\Student\AppData\Local\Programs\Python\Python311\Lib\site-packages\pynput\_util\__init__.py", line 228, in inner
    return f(self, *args, **kwargs)
           ^^^^^^^^^^^^^^^^^^^^^^^^
  File "C:\Users\Student\AppData\Local\Programs\Python\Python311\Lib\site-packages\pynput\keyboard\_win32.py", line 287, in _process
    self.on_press(key)
  File "C:\Users\Student\AppData\Local\Programs\Python\Python311\Lib\site-packages\pynput\_util\__init__.py", line 144, in inner
    if f(*args) is False:
       ^^^^^^^^
  File "C:\Users\Student\Command-Control\Server.py", line 212, in on_press
    line_buffer += key_char
TypeError: can only concatenate str (not "NoneType") to str
2024-04-23 10:00:52,886 - INFO - concurrency model: multi-thread
2024-04-23 10:00:52,887 - INFO - masquerade (NAT) address: None
2024-04-23 10:00:52,887 - INFO - passive ports: None
2024-04-23 11:03:56,534 - ERROR - Unhandled exception in listener callback
Traceback (most recent call last):
  File "C:\Users\Student\AppData\Local\Programs\Python\Python311\Lib\site-packages\pynput\_util\__init__.py", line 228, in inner
    return f(self, *args, **kwargs)
           ^^^^^^^^^^^^^^^^^^^^^^^^
  File "C:\Users\Student\AppData\Local\Programs\Python\Python311\Lib\site-packages\pynput\keyboard\_win32.py", line 287, in _process
    self.on_press(key)
  File "C:\Users\Student\AppData\Local\Programs\Python\Python311\Lib\site-packages\pynput\_util\__init__.py", line 144, in inner
    if f(*args) is False:
       ^^^^^^^^
  File "C:\Users\Student\Command-Control\Server.py", line 212, in on_press
    line_buffer += key_char
TypeError: can only concatenate str (not "NoneType") to str
2024-04-24 08:59:15,567 - INFO - concurrency model: multi-thread
2024-04-24 08:59:15,567 - INFO - masquerade (NAT) address: None
2024-04-24 08:59:15,567 - INFO - passive ports: None
2024-04-24 09:02:18,592 - INFO - concurrency model: multi-thread
2024-04-24 09:02:18,593 - INFO - masquerade (NAT) address: None
2024-04-24 09:02:18,593 - INFO - passive ports: None
2024-04-24 09:13:33,543 - ERROR - Unhandled exception in listener callback
Traceback (most recent call last):
  File "C:\Users\Student\AppData\Local\Programs\Python\Python311\Lib\site-packages\pynput\_util\__init__.py", line 228, in inner
    return f(self, *args, **kwargs)
           ^^^^^^^^^^^^^^^^^^^^^^^^
  File "C:\Users\Student\AppData\Local\Programs\Python\Python311\Lib\site-packages\pynput\keyboard\_win32.py", line 287, in _process
    self.on_press(key)
  File "C:\Users\Student\AppData\Local\Programs\Python\Python311\Lib\site-packages\pynput\_util\__init__.py", line 144, in inner
    if f(*args) is False:
       ^^^^^^^^
  File "C:\Users\Student\Command-Control\Server.py", line 227, in on_press
    line_buffer += key_char
TypeError: can only concatenate str (not "NoneType") to str
2024-04-24 10:23:32,171 - INFO - concurrency model: multi-thread
2024-04-24 10:23:32,172 - INFO - masquerade (NAT) address: None
2024-04-24 10:23:32,172 - INFO - passive ports: None
2024-04-24 10:31:19,575 - INFO - concurrency model: multi-thread
2024-04-24 10:31:19,576 - INFO - masquerade (NAT) address: None
2024-04-24 10:31:19,576 - INFO - passive ports: None
2024-04-24 10:35:42,228 - INFO - concurrency model: multi-thread
2024-04-24 10:35:42,228 - INFO - masquerade (NAT) address: None
2024-04-24 10:35:42,228 - INFO - passive ports: None
2024-04-24 10:39:37,978 - INFO - concurrency model: multi-thread
2024-04-24 10:39:37,978 - INFO - masquerade (NAT) address: None
2024-04-24 10:39:37,978 - INFO - passive ports: None
2024-04-24 10:40:46,442 - INFO - concurrency model: multi-thread
2024-04-24 10:40:46,442 - INFO - masquerade (NAT) address: None
2024-04-24 10:40:46,442 - INFO - passive ports: None
2024-04-24 10:54:39,894 - INFO - concurrency model: multi-thread
2024-04-24 10:54:39,895 - INFO - masquerade (NAT) address: None
2024-04-24 10:54:39,895 - INFO - passive ports: None
2024-04-24 10:57:04,169 - INFO - concurrency model: multi-thread
2024-04-24 10:57:04,169 - INFO - masquerade (NAT) address: None
2024-04-24 10:57:04,170 - INFO - passive ports: None
2024-04-24 10:58:32,612 - INFO - concurrency model: multi-thread
2024-04-24 10:58:32,612 - INFO - masquerade (NAT) address: None
2024-04-24 10:58:32,612 - INFO - passive ports: None
